<?xml version="1.0" encoding="UTF-8"?>
<!-- Generated by org.testng.reporters.JUnitReportReporter -->
<testsuite skipped="0" hostname="DESKTOP-C8JVRLH" name="businesscomponents.ExtentReportExample" tests="2" failures="0" timestamp="12 Sep 2020 07:02:44 GMT" time="17.124" errors="0">
  <testcase name="f1" time="7.556" classname="businesscomponents.ExtentReportExample"/>
  <testcase name="f" time="9.568" classname="businesscomponents.ExtentReportExample"/>
</testsuite> <!-- businesscomponents.ExtentReportExample -->
